[debug] [2019-08-16T03:32:50.235Z] ----------------------------------------------------------------------
[debug] [2019-08-16T03:32:50.237Z] Command:       /usr/local/Cellar/node/12.4.0/bin/node /usr/local/bin/firebase deploy --only functions:uploadReceipt
[debug] [2019-08-16T03:32:50.237Z] CLI Version:   7.1.1
[debug] [2019-08-16T03:32:50.237Z] Platform:      darwin
[debug] [2019-08-16T03:32:50.237Z] Node Version:  v12.4.0
[debug] [2019-08-16T03:32:50.238Z] Time:          Thu Aug 15 2019 23:32:50 GMT-0400 (Eastern Daylight Time)
[debug] [2019-08-16T03:32:50.238Z] ----------------------------------------------------------------------
[debug] 
[debug] [2019-08-16T03:32:50.243Z] > command requires scopes: ["email","openid","https://www.googleapis.com/auth/cloudplatformprojects.readonly","https://www.googleapis.com/auth/firebase","https://www.googleapis.com/auth/cloud-platform"]
[debug] [2019-08-16T03:32:50.243Z] > authorizing via signed-in user
[debug] [2019-08-16T03:32:50.243Z] [iam] checking project goplan-3b4b1 for permissions ["cloudfunctions.functions.create","cloudfunctions.functions.delete","cloudfunctions.functions.get","cloudfunctions.functions.list","cloudfunctions.functions.update","cloudfunctions.operations.get","firebase.projects.get"]
[debug] [2019-08-16T03:32:50.245Z] >>> HTTP REQUEST POST https://cloudresourcemanager.googleapis.com/v1/projects/goplan-3b4b1:testIamPermissions  

[debug] [2019-08-16T03:32:50.830Z] <<< HTTP RESPONSE 200
[warn] ⚠  functions: package.json indicates an outdated version of firebase-functions.
 Please upgrade using npm install --save firebase-functions@latest in your functions directory.
[info] 
[info] === Deploying to 'goplan-3b4b1'...
[info] 
[info] i  deploying functions
[debug] [2019-08-16T03:32:51.948Z] > [functions] package.json contents: {
  "name": "new-user-email-functions",
  "description": "Send an email to new users and users who delete their account",
  "dependencies": {
    "aws-sdk": "2.493.0",
    "axios": "0.19.0",
    "firebase-admin": "8.2.0",
    "firebase-functions": "3.1.0",
    "handlebars": "4.1.2",
    "nodemailer": "4.0.1",
    "uuid": "3.3.2"
  },
  "devDependencies": {
    "eslint": "4.13.1",
    "eslint-plugin-promise": "3.6.0"
  },
  "scripts": {
    "lint": "./node_modules/.bin/eslint --max-warnings=0 .",
    "serve": "firebase serve --only functions",
    "shell": "firebase experimental:functions:shell",
    "start": "npm run shell",
    "deploy": "firebase deploy --only functions",
    "logs": "firebase functions:log"
  },
  "engines": {
    "node": "8"
  },
  "private": true
}
[info] i  functions: ensuring necessary APIs are enabled...
[debug] [2019-08-16T03:32:51.948Z] >>> HTTP REQUEST GET https://serviceusage.googleapis.com/v1/projects/goplan-3b4b1/services/cloudfunctions.googleapis.com  
 
[debug] [2019-08-16T03:32:51.949Z] >>> HTTP REQUEST GET https://serviceusage.googleapis.com/v1/projects/goplan-3b4b1/services/runtimeconfig.googleapis.com  
 
[debug] [2019-08-16T03:32:53.275Z] <<< HTTP RESPONSE 200
[debug] [2019-08-16T03:32:53.297Z] <<< HTTP RESPONSE 200
[info] ✔  functions: all necessary APIs are enabled
[debug] [2019-08-16T03:32:53.298Z] >>> HTTP REQUEST GET https://firebase.googleapis.com/v1beta1/projects/goplan-3b4b1/adminSdkConfig  
 
[debug] [2019-08-16T03:32:53.576Z] <<< HTTP RESPONSE 200
[info] i  functions: preparing functions directory for uploading...
[debug] [2019-08-16T03:32:53.579Z] >>> HTTP REQUEST GET https://runtimeconfig.googleapis.com/v1beta1/projects/goplan-3b4b1/configs  
 
[debug] [2019-08-16T03:32:53.747Z] <<< HTTP RESPONSE 200
[debug] [2019-08-16T03:32:53.748Z] >>> HTTP REQUEST GET https://runtimeconfig.googleapis.com/v1beta1/projects/goplan-3b4b1/configs/gmail/variables  
 
[debug] [2019-08-16T03:32:53.877Z] <<< HTTP RESPONSE 200
[debug] [2019-08-16T03:32:53.878Z] >>> HTTP REQUEST GET https://runtimeconfig.googleapis.com/v1beta1/projects/goplan-3b4b1/configs/gmail/variables/email  
 
[debug] [2019-08-16T03:32:53.879Z] >>> HTTP REQUEST GET https://runtimeconfig.googleapis.com/v1beta1/projects/goplan-3b4b1/configs/gmail/variables/password  
 
[debug] [2019-08-16T03:32:54.045Z] <<< HTTP RESPONSE 200
[debug] [2019-08-16T03:32:54.504Z] <<< HTTP RESPONSE 200
[info] i  functions: packaged functions (46.72 KB) for uploading
[debug] [2019-08-16T03:32:54.743Z] >>> HTTP REQUEST POST https://cloudfunctions.googleapis.com/v1/projects/goplan-3b4b1/locations/us-central1/functions:generateUploadUrl  
 
[debug] [2019-08-16T03:32:55.733Z] <<< HTTP RESPONSE 200
[debug] [2019-08-16T03:32:55.734Z] >>> HTTP REQUEST PUT https://storage.googleapis.com/gcf-upload-us-central1-16b202c2-15ad-4250-9472-0a0b0052ab67/1cb16b05-a53a-42a6-9710-061ee65a3155.zip?GoogleAccessId=service-839670954557@gcf-admin-robot.iam.gserviceaccount.com&Expires=1565928177&Signature=FYp21D3SoWgiIFtSwiQ3R4q%2BitwFhLj1lrmpJEx4uGEaE43QbSiDsgbwFwiZxdo9CigIcCylc9T98H8RLww7EV5nwIWJe7hewF7PLOg1L2QZE6LA5waw9jYpOGDS%2BSZu5r%2BoDNu8mFjMygBR2iOfGaHstcPHTUInVr9djWvAye0sTxkTpL6UIHK8LOj1wYOsfNeTC1nKPrXvGGPmwNyOz2MoWZSlL%2FJgOBYuKufbn25wmNYqUD6eXc2GkczOhxgjf6Gpjh4A9Efi3wrF8CJekQOqwRJiZwXB515nBJNaLP2t4Fn3xJV2gvhibsvRArRmeRjskfdPm24xqha%2FDhbcVQ%3D%3D  
 <request body omitted>
[debug] [2019-08-16T03:32:56.962Z] <<< HTTP RESPONSE 200
[info] ✔  functions: functions folder uploaded successfully
[debug] [2019-08-16T03:32:56.964Z] >>> HTTP REQUEST GET https://cloudfunctions.googleapis.com/v1/projects/goplan-3b4b1/locations/-/functions  
 
[debug] [2019-08-16T03:32:57.999Z] <<< HTTP RESPONSE 200
[debug] [2019-08-16T03:32:58.000Z] > [functions] filtering triggers to: [
  "projects/goplan-3b4b1/locations/us-central1/functions/uploadReceipt"
]
[info] i  functions: current functions in project: deleteReceipts(us-central1), getUnsplashImage(us-central1), getWeather(us-central1), leaveTrip(us-central1), sendInvitationEmail(us-central1), uploadReceipt(us-central1)
[info] i  functions: uploading functions in project: uploadReceipt(us-central1)
[info] i  functions: updating Node.js 8 function uploadReceipt(us-central1)...
[debug] [2019-08-16T03:32:58.003Z] Trigger is:  {"httpsTrigger":{}}
[debug] [2019-08-16T03:32:58.004Z] >>> HTTP REQUEST GET https://serviceusage.googleapis.com/v1/projects/goplan-3b4b1/services/cloudscheduler.googleapis.com  
 
[debug] [2019-08-16T03:32:58.312Z] <<< HTTP RESPONSE 200
[debug] [2019-08-16T03:32:58.313Z] >>> HTTP REQUEST PATCH https://cloudfunctions.googleapis.com/v1/projects/goplan-3b4b1/locations/us-central1/functions/uploadReceipt {"updateMask":"sourceUploadUrl,name,labels,runtime,httpsTrigger"} 

[debug] [2019-08-16T03:32:59.422Z] <<< HTTP RESPONSE 200
[debug] [2019-08-16T03:32:59.424Z] >>> HTTP REQUEST GET https://cloudfunctions.googleapis.com/v1/projects/goplan-3b4b1/locations/-/functions  
 
[debug] [2019-08-16T03:32:59.786Z] <<< HTTP RESPONSE 200
[debug] [2019-08-16T03:32:59.787Z] >>> HTTP REQUEST GET https://cloudfunctions.googleapis.com/v1/operations/Z29wbGFuLTNiNGIxL3VzLWNlbnRyYWwxL3VwbG9hZFJlY2VpcHQvMjlqTnN4WENDNzA  
 
[debug] [2019-08-16T03:32:59.949Z] <<< HTTP RESPONSE 200
[debug] [2019-08-16T03:33:01.952Z] >>> HTTP REQUEST GET https://cloudfunctions.googleapis.com/v1/operations/Z29wbGFuLTNiNGIxL3VzLWNlbnRyYWwxL3VwbG9hZFJlY2VpcHQvMjlqTnN4WENDNzA  
 
[debug] [2019-08-16T03:33:02.116Z] <<< HTTP RESPONSE 200
[debug] [2019-08-16T03:33:04.121Z] >>> HTTP REQUEST GET https://cloudfunctions.googleapis.com/v1/operations/Z29wbGFuLTNiNGIxL3VzLWNlbnRyYWwxL3VwbG9hZFJlY2VpcHQvMjlqTnN4WENDNzA  
 
[debug] [2019-08-16T03:33:04.303Z] <<< HTTP RESPONSE 200
[debug] [2019-08-16T03:33:06.308Z] >>> HTTP REQUEST GET https://cloudfunctions.googleapis.com/v1/operations/Z29wbGFuLTNiNGIxL3VzLWNlbnRyYWwxL3VwbG9hZFJlY2VpcHQvMjlqTnN4WENDNzA  
 
[debug] [2019-08-16T03:33:06.794Z] <<< HTTP RESPONSE 200
